<?xml version="1.0" encoding="UTF-8"?>
<!-- Generated by org.testng.reporters.JUnitReportReporter -->
<testsuite hostname="fv-az569-365" failures="0" tests="1" name="com.globant.academy.tests.LogoutTest" time="10.119" errors="0" timestamp="2024-09-19T02:45:46 UTC" skipped="0">
  <testcase classname="com.globant.academy.tests.LogoutTest" name="validateSuccessfulLogout" time="10.119"/>
</testsuite> <!-- com.globant.academy.tests.LogoutTest -->
